<?xml version="1.0" encoding="UTF-8"?>
<!-- Generated by org.testng.reporters.JUnitReportReporter -->
<testsuite hostname="SoumenLaptop" failures="0" tests="1" name="runner.TestRunner" time="2.405" errors="0" timestamp="2025-06-15T14:59:42 IST" skipped="0">
  <testcase classname="runner.TestRunner" name="runScenario" time="2.405"/>
</testsuite> <!-- runner.TestRunner -->
