<?xml version="1.0" encoding="UTF-8"?>
<!-- Generated by org.testng.reporters.JUnitReportReporter -->
<testsuite hostname="SoumenLaptop" failures="0" tests="6" name="runner.TestRunner" time="2.539" errors="0" timestamp="2025-06-14T22:39:28 IST" skipped="0">
  <testcase classname="runner.TestRunner" name="runScenario" time="2.064"/>
  <testcase classname="runner.TestRunner" name="runScenario" time="0.064"/>
  <testcase classname="runner.TestRunner" name="runScenario" time="0.082"/>
  <testcase classname="runner.TestRunner" name="runScenario" time="0.076"/>
  <testcase classname="runner.TestRunner" name="runScenario" time="0.154"/>
  <testcase classname="runner.TestRunner" name="runScenario" time="0.099"/>
</testsuite> <!-- runner.TestRunner -->
